{"/home/dennis/Desktop/projects/node/nodeAPI/server/models/index.js":{"path":"/home/dennis/Desktop/projects/node/nodeAPI/server/models/index.js","s":{"1":1,"2":1,"3":1,"4":1,"5":1,"6":1,"7":1,"8":1,"9":1,"10":0,"11":1,"12":1,"13":2,"14":1,"15":1,"16":1,"17":1,"18":1,"19":1,"20":1,"21":1},"b":{"1":[1,1],"2":[0,1],"3":[2,2,1],"4":[1,0]},"f":{},"fnMap":{},"statementMap":{"1":{"start":{"line":1,"column":0},"end":{"line":1,"column":25}},"2":{"start":{"line":2,"column":0},"end":{"line":2,"column":29}},"3":{"start":{"line":3,"column":0},"end":{"line":3,"column":39}},"4":{"start":{"line":4,"column":0},"end":{"line":4,"column":48}},"5":{"start":{"line":5,"column":0},"end":{"line":5,"column":50}},"6":{"start":{"line":6,"column":0},"end":{"line":6,"column":66}},"7":{"start":{"line":7,"column":0},"end":{"line":7,"column":14}},"8":{"start":{"line":9,"column":0},"end":{"line":9,"column":14}},"9":{"start":{"line":10,"column":0},"end":{"line":16,"column":1}},"10":{"start":{"line":11,"column":2},"end":{"line":11,"column":66}},"11":{"start":{"line":13,"column":2},"end":{"line":15,"column":4}},"12":{"start":{"line":18,"column":0},"end":{"line":27,"column":5}},"13":{"start":{"line":21,"column":4},"end":{"line":23,"column":30}},"14":{"start":{"line":25,"column":4},"end":{"line":25,"column":63}},"15":{"start":{"line":26,"column":4},"end":{"line":26,"column":27}},"16":{"start":{"line":29,"column":0},"end":{"line":33,"column":3}},"17":{"start":{"line":30,"column":2},"end":{"line":32,"column":3}},"18":{"start":{"line":31,"column":4},"end":{"line":31,"column":32}},"19":{"start":{"line":35,"column":0},"end":{"line":35,"column":25}},"20":{"start":{"line":36,"column":0},"end":{"line":36,"column":25}},"21":{"start":{"line":38,"column":0},"end":{"line":38,"column":20}}},"branchMap":{"1":{"line":5,"type":"binary-expr","locations":[{"start":{"line":5,"column":12},"end":{"line":5,"column":32}},{"start":{"line":5,"column":36},"end":{"line":5,"column":49}}]},"2":{"line":10,"type":"if","locations":[{"start":{"line":10,"column":0},"end":{"line":10,"column":0}},{"start":{"line":10,"column":0},"end":{"line":10,"column":0}}]},"3":{"line":21,"type":"binary-expr","locations":[{"start":{"line":21,"column":5},"end":{"line":21,"column":28}},{"start":{"line":22,"column":5},"end":{"line":22,"column":22}},{"start":{"line":23,"column":5},"end":{"line":23,"column":29}}]},"4":{"line":30,"type":"if","locations":[{"start":{"line":30,"column":2},"end":{"line":30,"column":2}},{"start":{"line":30,"column":2},"end":{"line":30,"column":2}}]}}},"/home/dennis/Desktop/projects/node/nodeAPI/server/models/user.js":{"path":"/home/dennis/Desktop/projects/node/nodeAPI/server/models/user.js","s":{"1":1,"2":1,"3":1,"4":1},"b":{},"f":{},"fnMap":{},"statementMap":{"1":{"start":{"line":1,"column":0},"end":{"line":24,"column":2}},"2":{"start":{"line":2,"column":2},"end":{"line":18,"column":9}},"3":{"start":{"line":19,"column":2},"end":{"line":22,"column":4}},"4":{"start":{"line":23,"column":2},"end":{"line":23,"column":14}}},"branchMap":{}},"/home/dennis/Desktop/projects/node/nodeAPI/app.js":{"path":"/home/dennis/Desktop/projects/node/nodeAPI/app.js","s":{"1":1,"2":1,"3":1,"4":1,"5":1,"6":1,"7":1,"8":1,"9":1,"10":1,"11":1,"12":1,"13":1,"14":1,"15":1,"16":1,"17":1,"18":1,"19":1,"20":1,"21":1,"22":1,"23":1,"24":1,"25":3,"26":3,"27":3,"28":2,"29":1,"30":1,"31":1,"32":1,"33":1,"34":2,"35":2,"36":1,"37":1,"38":1,"39":1},"b":{"1":[2,1],"2":[1,1],"3":[1,1]},"f":{},"fnMap":{},"statementMap":{"1":{"start":{"line":1,"column":0},"end":{"line":1,"column":34}},"2":{"start":{"line":2,"column":0},"end":{"line":2,"column":33}},"3":{"start":{"line":3,"column":0},"end":{"line":3,"column":41}},"4":{"start":{"line":4,"column":0},"end":{"line":4,"column":36}},"5":{"start":{"line":5,"column":0},"end":{"line":5,"column":42}},"6":{"start":{"line":6,"column":0},"end":{"line":6,"column":38}},"7":{"start":{"line":7,"column":0},"end":{"line":7,"column":46}},"8":{"start":{"line":8,"column":0},"end":{"line":8,"column":48}},"9":{"start":{"line":11,"column":0},"end":{"line":11,"column":21}},"10":{"start":{"line":13,"column":0},"end":{"line":15,"column":1}},"11":{"start":{"line":17,"column":0},"end":{"line":17,"column":41}},"12":{"start":{"line":18,"column":0},"end":{"line":18,"column":58}},"13":{"start":{"line":21,"column":0},"end":{"line":21,"column":26}},"14":{"start":{"line":22,"column":0},"end":{"line":24,"column":3}},"15":{"start":{"line":25,"column":0},"end":{"line":25,"column":23}},"16":{"start":{"line":28,"column":0},"end":{"line":28,"column":22}},"17":{"start":{"line":32,"column":0},"end":{"line":36,"column":8}},"18":{"start":{"line":37,"column":0},"end":{"line":37,"column":31}},"19":{"start":{"line":38,"column":0},"end":{"line":38,"column":27}},"20":{"start":{"line":39,"column":0},"end":{"line":39,"column":16}},"21":{"start":{"line":43,"column":0},"end":{"line":45,"column":4}},"22":{"start":{"line":43,"column":27},"end":{"line":45,"column":2}},"23":{"start":{"line":47,"column":0},"end":{"line":47,"column":9}},"24":{"start":{"line":48,"column":0},"end":{"line":66,"column":2}},"25":{"start":{"line":49,"column":4},"end":{"line":49,"column":53}},"26":{"start":{"line":50,"column":4},"end":{"line":50,"column":50}},"27":{"start":{"line":51,"column":4},"end":{"line":64,"column":5}},"28":{"start":{"line":52,"column":8},"end":{"line":59,"column":9}},"29":{"start":{"line":53,"column":12},"end":{"line":55,"column":14}},"30":{"start":{"line":57,"column":12},"end":{"line":57,"column":28}},"31":{"start":{"line":58,"column":12},"end":{"line":58,"column":27}},"32":{"start":{"line":61,"column":8},"end":{"line":63,"column":6}},"33":{"start":{"line":68,"column":0},"end":{"line":77,"column":2}},"34":{"start":{"line":69,"column":4},"end":{"line":69,"column":36}},"35":{"start":{"line":70,"column":4},"end":{"line":76,"column":5}},"36":{"start":{"line":71,"column":8},"end":{"line":71,"column":34}},"37":{"start":{"line":73,"column":8},"end":{"line":75,"column":10}},"38":{"start":{"line":80,"column":0},"end":{"line":80,"column":33}},"39":{"start":{"line":81,"column":0},"end":{"line":81,"column":20}}},"branchMap":{"1":{"line":51,"type":"if","locations":[{"start":{"line":51,"column":4},"end":{"line":51,"column":4}},{"start":{"line":51,"column":4},"end":{"line":51,"column":4}}]},"2":{"line":52,"type":"if","locations":[{"start":{"line":52,"column":8},"end":{"line":52,"column":8}},{"start":{"line":52,"column":8},"end":{"line":52,"column":8}}]},"3":{"line":70,"type":"if","locations":[{"start":{"line":70,"column":4},"end":{"line":70,"column":4}},{"start":{"line":70,"column":4},"end":{"line":70,"column":4}}]}}},"/home/dennis/Desktop/projects/node/nodeAPI/server/config/config.js":{"path":"/home/dennis/Desktop/projects/node/nodeAPI/server/config/config.js","s":{"1":1},"b":{},"f":{},"fnMap":{},"statementMap":{"1":{"start":{"line":1,"column":0},"end":{"line":3,"column":1}}},"branchMap":{}},"/home/dennis/Desktop/projects/node/nodeAPI/server/services/user/index.js":{"path":"/home/dennis/Desktop/projects/node/nodeAPI/server/services/user/index.js","s":{"1":1,"2":1,"3":1,"4":1,"5":1,"6":1,"7":1,"8":0,"9":0,"10":0,"11":0,"12":0,"13":0,"14":1,"15":0,"16":0,"17":0,"18":0,"19":0,"20":0,"21":1},"b":{"1":[0,0],"2":[0,0],"3":[0,0],"4":[0,0]},"f":{},"fnMap":{},"statementMap":{"1":{"start":{"line":1,"column":0},"end":{"line":1,"column":34}},"2":{"start":{"line":2,"column":0},"end":{"line":2,"column":37}},"3":{"start":{"line":3,"column":0},"end":{"line":3,"column":58}},"4":{"start":{"line":4,"column":0},"end":{"line":4,"column":36}},"5":{"start":{"line":5,"column":0},"end":{"line":5,"column":45}},"6":{"start":{"line":8,"column":0},"end":{"line":8,"column":31}},"7":{"start":{"line":10,"column":0},"end":{"line":20,"column":2}},"8":{"start":{"line":11,"column":4},"end":{"line":19,"column":16}},"9":{"start":{"line":12,"column":8},"end":{"line":18,"column":9}},"10":{"start":{"line":13,"column":12},"end":{"line":15,"column":13}},"11":{"start":{"line":14,"column":16},"end":{"line":14,"column":42}},"12":{"start":{"line":16,"column":12},"end":{"line":16,"column":64}},"13":{"start":{"line":17,"column":12},"end":{"line":17,"column":37}},"14":{"start":{"line":22,"column":0},"end":{"line":36,"column":3}},"15":{"start":{"line":23,"column":4},"end":{"line":34,"column":16}},"16":{"start":{"line":24,"column":8},"end":{"line":33,"column":9}},"17":{"start":{"line":25,"column":12},"end":{"line":27,"column":13}},"18":{"start":{"line":26,"column":16},"end":{"line":26,"column":42}},"19":{"start":{"line":28,"column":12},"end":{"line":28,"column":64}},"20":{"start":{"line":30,"column":12},"end":{"line":30,"column":37}},"21":{"start":{"line":39,"column":0},"end":{"line":39,"column":24}}},"branchMap":{"1":{"line":12,"type":"if","locations":[{"start":{"line":12,"column":8},"end":{"line":12,"column":8}},{"start":{"line":12,"column":8},"end":{"line":12,"column":8}}]},"2":{"line":13,"type":"if","locations":[{"start":{"line":13,"column":12},"end":{"line":13,"column":12}},{"start":{"line":13,"column":12},"end":{"line":13,"column":12}}]},"3":{"line":24,"type":"if","locations":[{"start":{"line":24,"column":8},"end":{"line":24,"column":8}},{"start":{"line":24,"column":8},"end":{"line":24,"column":8}}]},"4":{"line":25,"type":"if","locations":[{"start":{"line":25,"column":12},"end":{"line":25,"column":12}},{"start":{"line":25,"column":12},"end":{"line":25,"column":12}}]}}},"/home/dennis/Desktop/projects/node/nodeAPI/server/controllers/index.js":{"path":"/home/dennis/Desktop/projects/node/nodeAPI/server/controllers/index.js","s":{"1":1,"2":1},"b":{},"f":{},"fnMap":{},"statementMap":{"1":{"start":{"line":1,"column":0},"end":{"line":1,"column":34}},"2":{"start":{"line":3,"column":0},"end":{"line":3,"column":25}}},"branchMap":{}},"/home/dennis/Desktop/projects/node/nodeAPI/server/controllers/signup.js":{"path":"/home/dennis/Desktop/projects/node/nodeAPI/server/controllers/signup.js","s":{"1":1},"b":{},"f":{},"fnMap":{},"statementMap":{"1":{"start":{"line":1,"column":0},"end":{"line":1,"column":37}}},"branchMap":{}},"/home/dennis/Desktop/projects/node/nodeAPI/server/config/passport.js":{"path":"/home/dennis/Desktop/projects/node/nodeAPI/server/config/passport.js","s":{"1":1,"2":1,"3":1,"4":1,"5":1,"6":0,"7":1,"8":0,"9":0,"10":0,"11":0,"12":1,"13":0,"14":0,"15":0,"16":0,"17":0,"18":0,"19":0,"20":0,"21":0,"22":0,"23":0,"24":0,"25":0,"26":0,"27":0,"28":1,"29":0,"30":0,"31":0,"32":0,"33":0,"34":0,"35":0,"36":0,"37":0,"38":0,"39":0,"40":0},"b":{"1":[0,0],"2":[0,0],"3":[0,0],"4":[0,0],"5":[0,0],"6":[0,0]},"f":{"1":0},"fnMap":{"1":{"name":"(anonymous_1)","line":54,"loc":{"start":{"line":54,"column":24},"end":{"line":54,"column":39}}}},"statementMap":{"1":{"start":{"line":1,"column":0},"end":{"line":1,"column":38}},"2":{"start":{"line":2,"column":0},"end":{"line":2,"column":56}},"3":{"start":{"line":3,"column":0},"end":{"line":3,"column":38}},"4":{"start":{"line":8,"column":0},"end":{"line":123,"column":2}},"5":{"start":{"line":9,"column":4},"end":{"line":11,"column":7}},"6":{"start":{"line":10,"column":8},"end":{"line":10,"column":28}},"7":{"start":{"line":14,"column":4},"end":{"line":23,"column":7}},"8":{"start":{"line":15,"column":8},"end":{"line":21,"column":11}},"9":{"start":{"line":16,"column":12},"end":{"line":20,"column":13}},"10":{"start":{"line":17,"column":16},"end":{"line":17,"column":39}},"11":{"start":{"line":19,"column":16},"end":{"line":19,"column":40}},"12":{"start":{"line":26,"column":4},"end":{"line":85,"column":12}},"13":{"start":{"line":38,"column":12},"end":{"line":40,"column":13}},"14":{"start":{"line":39,"column":16},"end":{"line":39,"column":78}},"15":{"start":{"line":44,"column":12},"end":{"line":83,"column":15}},"16":{"start":{"line":50,"column":16},"end":{"line":78,"column":18}},"17":{"start":{"line":55,"column":20},"end":{"line":77,"column":21}},"18":{"start":{"line":59,"column":24},"end":{"line":59,"column":66}},"19":{"start":{"line":60,"column":24},"end":{"line":64,"column":25}},"20":{"start":{"line":65,"column":24},"end":{"line":73,"column":27}},"21":{"start":{"line":66,"column":28},"end":{"line":68,"column":29}},"22":{"start":{"line":67,"column":32},"end":{"line":67,"column":55}},"23":{"start":{"line":69,"column":28},"end":{"line":72,"column":29}},"24":{"start":{"line":70,"column":32},"end":{"line":70,"column":50}},"25":{"start":{"line":71,"column":32},"end":{"line":71,"column":58}},"26":{"start":{"line":75,"column":24},"end":{"line":75,"column":66}},"27":{"start":{"line":76,"column":24},"end":{"line":76,"column":47}},"28":{"start":{"line":89,"column":8},"end":{"line":121,"column":13}},"29":{"start":{"line":96,"column":12},"end":{"line":120,"column":14}},"30":{"start":{"line":103,"column":12},"end":{"line":106,"column":13}},"31":{"start":{"line":104,"column":16},"end":{"line":104,"column":56}},"32":{"start":{"line":105,"column":16},"end":{"line":105,"column":40}},"33":{"start":{"line":108,"column":12},"end":{"line":110,"column":13}},"34":{"start":{"line":109,"column":16},"end":{"line":109,"column":62}},"35":{"start":{"line":111,"column":12},"end":{"line":114,"column":13}},"36":{"start":{"line":112,"column":16},"end":{"line":112,"column":53}},"37":{"start":{"line":113,"column":16},"end":{"line":113,"column":40}},"38":{"start":{"line":116,"column":12},"end":{"line":116,"column":36}},"39":{"start":{"line":118,"column":16},"end":{"line":118,"column":41}},"40":{"start":{"line":119,"column":16},"end":{"line":119,"column":93}}},"branchMap":{"1":{"line":16,"type":"if","locations":[{"start":{"line":16,"column":12},"end":{"line":16,"column":12}},{"start":{"line":16,"column":12},"end":{"line":16,"column":12}}]},"2":{"line":55,"type":"if","locations":[{"start":{"line":55,"column":20},"end":{"line":55,"column":20}},{"start":{"line":55,"column":20},"end":{"line":55,"column":20}}]},"3":{"line":66,"type":"if","locations":[{"start":{"line":66,"column":28},"end":{"line":66,"column":28}},{"start":{"line":66,"column":28},"end":{"line":66,"column":28}}]},"4":{"line":69,"type":"if","locations":[{"start":{"line":69,"column":28},"end":{"line":69,"column":28}},{"start":{"line":69,"column":28},"end":{"line":69,"column":28}}]},"5":{"line":103,"type":"if","locations":[{"start":{"line":103,"column":12},"end":{"line":103,"column":12}},{"start":{"line":103,"column":12},"end":{"line":103,"column":12}}]},"6":{"line":111,"type":"if","locations":[{"start":{"line":111,"column":12},"end":{"line":111,"column":12}},{"start":{"line":111,"column":12},"end":{"line":111,"column":12}}]}}}}