TN:
SF:/home/dennis/Desktop/projects/node/nodeAPI/server/models/index.js
FNF:0
FNH:0
DA:1,1
DA:2,1
DA:3,1
DA:4,1
DA:5,1
DA:6,1
DA:7,1
DA:9,1
DA:10,1
DA:11,0
DA:13,1
DA:18,1
DA:21,2
DA:25,1
DA:26,1
DA:29,1
DA:30,1
DA:31,1
DA:35,1
DA:36,1
DA:38,1
LF:21
LH:20
BRDA:5,1,0,1
BRDA:5,1,1,1
BRDA:10,2,0,0
BRDA:10,2,1,1
BRDA:21,3,0,2
BRDA:21,3,1,2
BRDA:21,3,2,1
BRDA:30,4,0,1
BRDA:30,4,1,0
BRF:9
BRH:7
end_of_record
TN:
SF:/home/dennis/Desktop/projects/node/nodeAPI/server/models/user.js
FNF:0
FNH:0
DA:1,1
DA:2,1
DA:19,1
DA:23,1
LF:4
LH:4
BRF:0
BRH:0
end_of_record
TN:
SF:/home/dennis/Desktop/projects/node/nodeAPI/app.js
FNF:0
FNH:0
DA:1,1
DA:2,1
DA:3,1
DA:4,1
DA:5,1
DA:6,1
DA:7,1
DA:8,1
DA:11,1
DA:13,1
DA:17,1
DA:18,1
DA:21,1
DA:22,1
DA:25,1
DA:28,1
DA:32,1
DA:37,1
DA:38,1
DA:39,1
DA:43,1
DA:47,1
DA:48,1
DA:49,3
DA:50,3
DA:51,3
DA:52,2
DA:53,1
DA:57,1
DA:58,1
DA:61,1
DA:68,1
DA:69,2
DA:70,2
DA:71,1
DA:73,1
DA:80,1
DA:81,1
LF:38
LH:38
BRDA:51,1,0,2
BRDA:51,1,1,1
BRDA:52,2,0,1
BRDA:52,2,1,1
BRDA:70,3,0,1
BRDA:70,3,1,1
BRF:6
BRH:6
end_of_record
TN:
SF:/home/dennis/Desktop/projects/node/nodeAPI/server/config/config.js
FNF:0
FNH:0
DA:1,1
LF:1
LH:1
BRF:0
BRH:0
end_of_record
TN:
SF:/home/dennis/Desktop/projects/node/nodeAPI/server/services/user/index.js
FNF:0
FNH:0
DA:1,1
DA:2,1
DA:3,1
DA:4,1
DA:5,1
DA:8,1
DA:10,1
DA:11,0
DA:12,0
DA:13,0
DA:14,0
DA:16,0
DA:17,0
DA:22,1
DA:23,0
DA:24,0
DA:25,0
DA:26,0
DA:28,0
DA:30,0
DA:39,1
LF:21
LH:9
BRDA:12,1,0,0
BRDA:12,1,1,0
BRDA:13,2,0,0
BRDA:13,2,1,0
BRDA:24,3,0,0
BRDA:24,3,1,0
BRDA:25,4,0,0
BRDA:25,4,1,0
BRF:8
BRH:0
end_of_record
TN:
SF:/home/dennis/Desktop/projects/node/nodeAPI/server/controllers/index.js
FNF:0
FNH:0
DA:1,1
DA:3,1
LF:2
LH:2
BRF:0
BRH:0
end_of_record
TN:
SF:/home/dennis/Desktop/projects/node/nodeAPI/server/controllers/signup.js
FNF:0
FNH:0
DA:1,1
LF:1
LH:1
BRF:0
BRH:0
end_of_record
TN:
SF:/home/dennis/Desktop/projects/node/nodeAPI/server/config/passport.js
FN:54,(anonymous_1)
FNF:1
FNH:0
FNDA:0,(anonymous_1)
DA:1,1
DA:2,1
DA:3,1
DA:8,1
DA:9,1
DA:10,0
DA:14,1
DA:15,0
DA:16,0
DA:17,0
DA:19,0
DA:26,1
DA:38,0
DA:39,0
DA:44,0
DA:50,0
DA:55,0
DA:59,0
DA:60,0
DA:65,0
DA:66,0
DA:67,0
DA:69,0
DA:70,0
DA:71,0
DA:75,0
DA:76,0
DA:89,1
DA:96,0
DA:103,0
DA:104,0
DA:105,0
DA:108,0
DA:109,0
DA:111,0
DA:112,0
DA:113,0
DA:116,0
DA:118,0
DA:119,0
LF:40
LH:8
BRDA:16,1,0,0
BRDA:16,1,1,0
BRDA:55,2,0,0
BRDA:55,2,1,0
BRDA:66,3,0,0
BRDA:66,3,1,0
BRDA:69,4,0,0
BRDA:69,4,1,0
BRDA:103,5,0,0
BRDA:103,5,1,0
BRDA:111,6,0,0
BRDA:111,6,1,0
BRF:12
BRH:0
end_of_record
